<?xml version="1.0" encoding="UTF-8"?>
<testsuite name="MatchingEngineTest" tests="2" skipped="0" failures="0" errors="0" timestamp="2025-04-27T20:57:11" hostname="JQDG4RRY0M" time="14.774">
  <properties/>
  <testcase name="verify Repertoire Management Module link" classname="MatchingEngineTest" time="13.046"/>
  <testcase name="verify supported product list" classname="MatchingEngineTest" time="1.725"/>
  <system-out><![CDATA[]]></system-out>
  <system-err><![CDATA[]]></system-err>
</testsuite>
